<?xml version="1.0" encoding="UTF-8"?>
<testsuite name="User_Tests" tests="7" skipped="0" failures="0" errors="0" timestamp="2021-11-30T16:50:31" hostname="DESKTOP-3K5UHUD" time="0.026">
  <properties/>
  <testcase name="Return_values_if_user_repository_is_not_empty()" classname="User_Tests" time="0.01"/>
  <testcase name="User_gets_returned_from_getUser_function()" classname="User_Tests" time="0.006"/>
  <testcase name="Return_empty_userNameMap_if_user_repository_is_empty()" classname="User_Tests" time="0.001"/>
  <testcase name="Return_false_if_user_does_not_exists()" classname="User_Tests" time="0.001"/>
  <testcase name="Return_usernames_if_user_repository_is_not_empty()" classname="User_Tests" time="0.001"/>
  <testcase name="Return_empty_userMap_if_user_repository_is_empty()" classname="User_Tests" time="0.0"/>
  <testcase name="Return_true_if_user_exists()" classname="User_Tests" time="0.001"/>
  <system-out><![CDATA[]]></system-out>
  <system-err><![CDATA[]]></system-err>
</testsuite>
