<?xml version="1.0" encoding="UTF-8"?>
<testsuite name="Login_Test" tests="1" skipped="0" failures="0" errors="0" timestamp="2021-11-30T14:54:47" hostname="DESKTOP-3K5UHUD" time="0.133">
  <properties/>
  <testcase name="Logged_in_as_admin()" classname="Login_Test" time="0.133"/>
  <system-out><![CDATA[]]></system-out>
  <system-err><![CDATA[]]></system-err>
</testsuite>
