<?xml version="1.0" encoding="UTF-8"?>
<testsuite name="User_Tests" tests="4" skipped="0" failures="0" errors="0" timestamp="2021-11-30T16:39:56" hostname="DESKTOP-3K5UHUD" time="0.022">
  <properties/>
  <testcase name="Return_values_if_user_repository_is_not_empty()" classname="User_Tests" time="0.01"/>
  <testcase name="User_gets_returned_from_getUser_function()" classname="User_Tests" time="0.006"/>
  <testcase name="New_user_exists()" classname="User_Tests" time="0.001"/>
  <testcase name="Return_Null_If_User_Repository_Is_Empty()" classname="User_Tests" time="0.0"/>
  <system-out><![CDATA[]]></system-out>
  <system-err><![CDATA[]]></system-err>
</testsuite>
